<?xml version="1.0" encoding="UTF-8"?>
<!-- Generated by org.testng.reporters.JUnitReportReporter -->
<testsuite hostname="DESKTOP-6BENFDP" failures="0" tests="3" name="com.money_control.dataprovider" time="0.020" errors="0" timestamp="2023-02-24T20:04:01 IST" skipped="0">
  <testcase classname="com.money_control.dataprovider" name="loginTest" time="0.009"/>
  <system-out/>
  <testcase classname="com.money_control.dataprovider" name="loginTest" time="0.004"/>
  <system-out/>
  <testcase classname="com.money_control.dataprovider" name="loginTest" time="0.007"/>
  <system-out/>
</testsuite> <!-- com.money_control.dataprovider -->
