<?xml version="1.0" encoding="UTF-8"?>
<!-- Generated by org.testng.reporters.JUnitReportReporter -->
<testsuite hostname="DESKTOP-6BENFDP" failures="0" tests="1" name="faceb.FaceBook_TestNG" time="4.805" errors="0" timestamp="2023-02-23T10:00:52 IST" skipped="0">
  <testcase classname="faceb.FaceBook_TestNG" name="launch" time="4.805"/>
  <system-out/>
</testsuite> <!-- faceb.FaceBook_TestNG -->
